Ruins/android-build/build/outputs/logs/manifest-merger-debug-report.txt
-- Merging decision tree log ---
manifest
ADDED from Ruins/android-build/AndroidManifest.xml:2:1-80:12
	package
		ADDED from Ruins/android-build/AndroidManifest.xml:2:11-48
	android:versionName
		ADDED from Ruins/android-build/AndroidManifest.xml:2:108-133
		INJECTED from Ruins/android-build/AndroidManifest.xml
		INJECTED from Ruins/android-build/AndroidManifest.xml
	android:versionCode
		ADDED from Ruins/android-build/AndroidManifest.xml:2:134-157
		INJECTED from Ruins/android-build/AndroidManifest.xml
		INJECTED from Ruins/android-build/AndroidManifest.xml
	xmlns:android
		ADDED from Ruins/android-build/AndroidManifest.xml:2:49-107
	android:installLocation
		ADDED from Ruins/android-build/AndroidManifest.xml:2:158-188
application
ADDED from Ruins/android-build/AndroidManifest.xml:3:5-64:19
	android:label
		ADDED from Ruins/android-build/AndroidManifest.xml:3:117-138
	android:hardwareAccelerated
		ADDED from Ruins/android-build/AndroidManifest.xml:3:18-52
	android:icon
		ADDED from Ruins/android-build/AndroidManifest.xml:3:139-168
	android:name
		ADDED from Ruins/android-build/AndroidManifest.xml:3:53-116
activity#org.qtproject.qt5.android.bindings.QtActivity
ADDED from Ruins/android-build/AndroidManifest.xml:4:9-60:16
	android:screenOrientation
		ADDED from Ruins/android-build/AndroidManifest.xml:4:256-295
	android:label
		ADDED from Ruins/android-build/AndroidManifest.xml:4:234-255
	android:launchMode
		ADDED from Ruins/android-build/AndroidManifest.xml:4:296-326
	android:configChanges
		ADDED from Ruins/android-build/AndroidManifest.xml:4:19-172
	android:name
		ADDED from Ruins/android-build/AndroidManifest.xml:4:173-233
intent-filter#android.intent.action.MAIN+android.intent.category.LAUNCHER
ADDED from Ruins/android-build/AndroidManifest.xml:5:13-8:29
action#android.intent.action.MAIN
ADDED from Ruins/android-build/AndroidManifest.xml:6:17-68
	android:name
		ADDED from Ruins/android-build/AndroidManifest.xml:6:25-66
category#android.intent.category.LAUNCHER
ADDED from Ruins/android-build/AndroidManifest.xml:7:17-76
	android:name
		ADDED from Ruins/android-build/AndroidManifest.xml:7:27-74
meta-data#android.app.lib_name
ADDED from Ruins/android-build/AndroidManifest.xml:14:13-83
	android:value
		ADDED from Ruins/android-build/AndroidManifest.xml:14:60-81
	android:name
		ADDED from Ruins/android-build/AndroidManifest.xml:14:24-59
meta-data#android.app.qt_sources_resource_id
ADDED from Ruins/android-build/AndroidManifest.xml:15:13-112
	android:resource
		ADDED from Ruins/android-build/AndroidManifest.xml:15:74-110
	android:name
		ADDED from Ruins/android-build/AndroidManifest.xml:15:24-73
meta-data#android.app.repository
ADDED from Ruins/android-build/AndroidManifest.xml:16:13-87
	android:value
		ADDED from Ruins/android-build/AndroidManifest.xml:16:62-85
	android:name
		ADDED from Ruins/android-build/AndroidManifest.xml:16:24-61
meta-data#android.app.qt_libs_resource_id
ADDED from Ruins/android-build/AndroidManifest.xml:17:13-106
	android:resource
		ADDED from Ruins/android-build/AndroidManifest.xml:17:71-104
	android:name
		ADDED from Ruins/android-build/AndroidManifest.xml:17:24-70
meta-data#android.app.bundled_libs_resource_id
ADDED from Ruins/android-build/AndroidManifest.xml:18:13-116
	android:resource
		ADDED from Ruins/android-build/AndroidManifest.xml:18:76-114
	android:name
		ADDED from Ruins/android-build/AndroidManifest.xml:18:24-75
meta-data#android.app.bundle_local_qt_libs
ADDED from Ruins/android-build/AndroidManifest.xml:20:13-91
	android:value
		ADDED from Ruins/android-build/AndroidManifest.xml:20:72-89
	android:name
		ADDED from Ruins/android-build/AndroidManifest.xml:20:24-71
meta-data#android.app.bundled_in_lib_resource_id
ADDED from Ruins/android-build/AndroidManifest.xml:21:13-120
	android:resource
		ADDED from Ruins/android-build/AndroidManifest.xml:21:78-118
	android:name
		ADDED from Ruins/android-build/AndroidManifest.xml:21:24-77
meta-data#android.app.bundled_in_assets_resource_id
ADDED from Ruins/android-build/AndroidManifest.xml:22:13-126
	android:resource
		ADDED from Ruins/android-build/AndroidManifest.xml:22:81-124
	android:name
		ADDED from Ruins/android-build/AndroidManifest.xml:22:24-80
meta-data#android.app.use_local_qt_libs
ADDED from Ruins/android-build/AndroidManifest.xml:24:13-88
	android:value
		ADDED from Ruins/android-build/AndroidManifest.xml:24:69-86
	android:name
		ADDED from Ruins/android-build/AndroidManifest.xml:24:24-68
meta-data#android.app.libs_prefix
ADDED from Ruins/android-build/AndroidManifest.xml:25:13-100
	android:value
		ADDED from Ruins/android-build/AndroidManifest.xml:25:63-98
	android:name
		ADDED from Ruins/android-build/AndroidManifest.xml:25:24-62
meta-data#android.app.load_local_libs
ADDED from Ruins/android-build/AndroidManifest.xml:26:13-193
	android:value
		ADDED from Ruins/android-build/AndroidManifest.xml:26:67-191
	android:name
		ADDED from Ruins/android-build/AndroidManifest.xml:26:24-66
meta-data#android.app.load_local_jars
ADDED from Ruins/android-build/AndroidManifest.xml:27:13-184
	android:value
		ADDED from Ruins/android-build/AndroidManifest.xml:27:67-182
	android:name
		ADDED from Ruins/android-build/AndroidManifest.xml:27:24-66
meta-data#android.app.static_init_classes
ADDED from Ruins/android-build/AndroidManifest.xml:28:13-89
	android:value
		ADDED from Ruins/android-build/AndroidManifest.xml:28:71-87
	android:name
		ADDED from Ruins/android-build/AndroidManifest.xml:28:24-70
meta-data#android.app.ministro_not_found_msg
ADDED from Ruins/android-build/AndroidManifest.xml:30:13-122
	android:value
		ADDED from Ruins/android-build/AndroidManifest.xml:30:24-70
	android:name
		ADDED from Ruins/android-build/AndroidManifest.xml:30:71-120
meta-data#android.app.ministro_needed_msg
ADDED from Ruins/android-build/AndroidManifest.xml:31:13-116
	android:value
		ADDED from Ruins/android-build/AndroidManifest.xml:31:24-67
	android:name
		ADDED from Ruins/android-build/AndroidManifest.xml:31:68-114
meta-data#android.app.fatal_error_msg
ADDED from Ruins/android-build/AndroidManifest.xml:32:13-108
	android:value
		ADDED from Ruins/android-build/AndroidManifest.xml:32:24-63
	android:name
		ADDED from Ruins/android-build/AndroidManifest.xml:32:64-106
meta-data#android.app.background_running
ADDED from Ruins/android-build/AndroidManifest.xml:45:13-93
	android:value
		ADDED from Ruins/android-build/AndroidManifest.xml:45:70-91
	android:name
		ADDED from Ruins/android-build/AndroidManifest.xml:45:24-69
meta-data#android.app.auto_screen_scale_factor
ADDED from Ruins/android-build/AndroidManifest.xml:49:13-99
	android:value
		ADDED from Ruins/android-build/AndroidManifest.xml:49:76-97
	android:name
		ADDED from Ruins/android-build/AndroidManifest.xml:49:24-75
meta-data#android.app.extract_android_style
ADDED from Ruins/android-build/AndroidManifest.xml:58:13-95
	android:value
		ADDED from Ruins/android-build/AndroidManifest.xml:58:73-93
	android:name
		ADDED from Ruins/android-build/AndroidManifest.xml:58:24-72
uses-sdk
ADDED from Ruins/android-build/AndroidManifest.xml:66:5-73
	android:targetSdkVersion
		ADDED from Ruins/android-build/AndroidManifest.xml:66:42-71
	android:minSdkVersion
		ADDED from Ruins/android-build/AndroidManifest.xml:66:15-41
supports-screens
ADDED from Ruins/android-build/AndroidManifest.xml:67:5-135
	android:largeScreens
		ADDED from Ruins/android-build/AndroidManifest.xml:67:23-50
	android:smallScreens
		ADDED from Ruins/android-build/AndroidManifest.xml:67:106-133
	android:normalScreens
		ADDED from Ruins/android-build/AndroidManifest.xml:67:51-79
	android:anyDensity
		ADDED from Ruins/android-build/AndroidManifest.xml:67:80-105
uses-permission#android.permission.INTERNET
ADDED from Ruins/android-build/AndroidManifest.xml:71:9-71
	android:name
		ADDED from Ruins/android-build/AndroidManifest.xml:71:26-68
uses-permission#android.permission.WRITE_EXTERNAL_STORAGE
ADDED from Ruins/android-build/AndroidManifest.xml:72:5-81
	android:name
		ADDED from Ruins/android-build/AndroidManifest.xml:72:22-78
uses-permission#android.permission.ACCESS_NETWORK_STATE
ADDED from Ruins/android-build/AndroidManifest.xml:73:5-79
	android:name
		ADDED from Ruins/android-build/AndroidManifest.xml:73:22-76
uses-feature#0x00020000
ADDED from Ruins/android-build/AndroidManifest.xml:78:9-82
	android:glEsVersion
		ADDED from Ruins/android-build/AndroidManifest.xml:78:23-55
	android:required
		ADDED from Ruins/android-build/AndroidManifest.xml:78:56-79